<?xml version="1.0" encoding="UTF-8"?>
<testng-results skipped="0" failed="0" total="1" passed="1">
  <reporter-output>
  </reporter-output>
  <suite name="Default suite" duration-ms="29860" started-at="2021-08-04T09:31:25Z" finished-at="2021-08-04T09:31:55Z">
    <groups>
    </groups>
    <test name="Default test" duration-ms="29860" started-at="2021-08-04T09:31:25Z" finished-at="2021-08-04T09:31:55Z">
      <class name="com.modules.test.TC02_SearchFlightPosSc">
        <test-method status="PASS" signature="setupReports()[pri:0, instance:com.modules.test.TC02_SearchFlightPosSc@52af6cff]" name="setupReports" is-config="true" duration-ms="179" started-at="2021-08-04T15:01:25Z" finished-at="2021-08-04T15:01:26Z">
          <reporter-output>
          </reporter-output>
        </test-method> <!-- setupReports -->
        <test-method status="PASS" signature="login()[pri:0, instance:com.modules.test.TC02_SearchFlightPosSc@52af6cff]" name="login" duration-ms="28814" started-at="2021-08-04T15:01:26Z" finished-at="2021-08-04T15:01:54Z">
          <reporter-output>
          </reporter-output>
        </test-method> <!-- login -->
        <test-method status="PASS" signature="closeReports()[pri:0, instance:com.modules.test.TC02_SearchFlightPosSc@52af6cff]" name="closeReports" is-config="true" duration-ms="177" started-at="2021-08-04T15:01:54Z" finished-at="2021-08-04T15:01:55Z">
          <reporter-output>
          </reporter-output>
        </test-method> <!-- closeReports -->
        <test-method status="PASS" signature="closeDriver()[pri:0, instance:com.modules.test.TC02_SearchFlightPosSc@52af6cff]" name="closeDriver" is-config="true" duration-ms="677" started-at="2021-08-04T15:01:55Z" finished-at="2021-08-04T15:01:55Z">
          <reporter-output>
          </reporter-output>
        </test-method> <!-- closeDriver -->
      </class> <!-- com.modules.test.TC02_SearchFlightPosSc -->
    </test> <!-- Default test -->
  </suite> <!-- Default suite -->
</testng-results>
